<?xml version="1.0" encoding="UTF-8"?>
<!-- Generated by org.testng.reporters.JUnitReportReporter -->
<testsuite hostname="ThambiBabu_D" failures="0" tests="1" name="sample.Sample" time="4.286" errors="0" timestamp="2023-12-19T16:55:36 IST" skipped="0">
  <testcase classname="sample.Sample" name="test" time="4.286"/>
</testsuite> <!-- sample.Sample -->
